<?xml version="1.0" encoding="UTF-8"?>
<robot generator="Robot 4.1.2 (Python 3.10.0 on darwin)" generated="20230829 11:35:31.505" rpa="false" schemaversion="2">
<suite id="s1" name="Shppingsite" source="/Users/pavankumar/VSCODE/test_cases_robot/shopping-website/TestCases/shppingsite.robot">
<kw name="Open Browser &quot;https://www.saucedemo.com/&quot;" library="shopping_keyword" type="SETUP" sourcename="Open Browser &quot;${URL}&quot;">
<kw name="Open Browser" library="utils">
<arg>${URL}</arg>
<status status="PASS" starttime="20230829 11:35:31.589" endtime="20230829 11:35:33.760"/>
</kw>
<status status="PASS" starttime="20230829 11:35:31.589" endtime="20230829 11:35:33.760"/>
</kw>
<test id="s1-t1" name="User to verfiy login with invalid User name">
<kw name="Given user is on login page" library="shopping_keyword">
<kw name="Verify Login Page" library="shopping">
<status status="PASS" starttime="20230829 11:35:33.761" endtime="20230829 11:35:33.763"/>
</kw>
<status status="PASS" starttime="20230829 11:35:33.760" endtime="20230829 11:35:33.763"/>
</kw>
<kw name="When user enters username invalid" library="shopping_keyword" sourcename="user enters username ${user_name}">
<kw name="Enter User Name" library="shopping">
<arg>${user_name}</arg>
<doc>enter user name</doc>
<status status="PASS" starttime="20230829 11:35:33.764" endtime="20230829 11:35:33.853"/>
</kw>
<status status="PASS" starttime="20230829 11:35:33.763" endtime="20230829 11:35:33.853"/>
</kw>
<kw name="When user enters pwd valid" library="shopping_keyword">
<kw name="Enter Pwd" library="shopping">
<status status="PASS" starttime="20230829 11:35:33.853" endtime="20230829 11:35:33.885"/>
</kw>
<status status="PASS" starttime="20230829 11:35:33.853" endtime="20230829 11:35:33.885"/>
</kw>
<kw name="And user clicks on login-btn" library="shopping_keyword" sourcename="user clicks on ${click_var}">
<kw name="Click On" library="shopping">
<arg>${click_var}</arg>
<status status="PASS" starttime="20230829 11:35:33.886" endtime="20230829 11:35:33.914"/>
</kw>
<status status="PASS" starttime="20230829 11:35:33.886" endtime="20230829 11:35:33.914"/>
</kw>
<kw name="Then user should see error message &quot;Epic sadface: Username and password do not match any user in this service&quot;" library="shopping_keyword" sourcename="user should see error message &quot;${err_msg}&quot;">
<kw name="Verify Error Message" library="shopping">
<arg>${err_msg}</arg>
<status status="PASS" starttime="20230829 11:35:33.914" endtime="20230829 11:35:33.934"/>
</kw>
<status status="PASS" starttime="20230829 11:35:33.914" endtime="20230829 11:35:33.934"/>
</kw>
<status status="PASS" starttime="20230829 11:35:33.760" endtime="20230829 11:35:33.934"/>
</test>
<status status="PASS" starttime="20230829 11:35:31.506" endtime="20230829 11:35:33.934"/>
</suite>
<statistics>
<total>
<stat pass="1" fail="0" skip="0">All Tests</stat>
</total>
<tag>
</tag>
<suite>
<stat pass="1" fail="0" skip="0" id="s1" name="Shppingsite">Shppingsite</stat>
</suite>
</statistics>
<errors>
</errors>
</robot>
