<?xml version="1.0" encoding="UTF-8"?>
<robot generator="Robot 4.1.2 (Python 3.10.0 on darwin)" generated="20230831 11:40:39.467" rpa="false" schemaversion="2">
<suite id="s1" name="Shppingsite" source="/Users/pavankumar/VSCODE/test_cases_robot/shopping-website/TestCases/shppingsite.robot">
<kw name="Open Browser &quot;https://www.saucedemo.com/&quot;" library="shopping_keyword" type="SETUP" sourcename="Open Browser &quot;${URL}&quot;">
<kw name="Open Browser" library="utils">
<arg>${URL}</arg>
<status status="PASS" starttime="20230831 11:40:39.548" endtime="20230831 11:40:41.639"/>
</kw>
<status status="PASS" starttime="20230831 11:40:39.548" endtime="20230831 11:40:41.639"/>
</kw>
<test id="s1-t1" name="User to verfiy login with invalid User name">
<kw name="Given user is on login page" library="shopping_keyword">
<kw name="Verify Login Page" library="shopping">
<status status="PASS" starttime="20230831 11:40:41.640" endtime="20230831 11:40:41.642"/>
</kw>
<status status="PASS" starttime="20230831 11:40:41.640" endtime="20230831 11:40:41.642"/>
</kw>
<kw name="When user enters username invalid" library="shopping_keyword" sourcename="user enters username ${user_name}">
<kw name="Enter User Name" library="shopping">
<arg>${user_name}</arg>
<doc>enter user name</doc>
<status status="PASS" starttime="20230831 11:40:41.643" endtime="20230831 11:40:41.816"/>
</kw>
<status status="PASS" starttime="20230831 11:40:41.642" endtime="20230831 11:40:41.816"/>
</kw>
<kw name="When user enters pwd valid" library="shopping_keyword">
<kw name="Enter Pwd" library="shopping">
<status status="PASS" starttime="20230831 11:40:41.816" endtime="20230831 11:40:41.847"/>
</kw>
<status status="PASS" starttime="20230831 11:40:41.816" endtime="20230831 11:40:41.847"/>
</kw>
<kw name="And user clicks on login-btn" library="shopping_keyword" sourcename="user clicks on ${click_var}">
<kw name="Click On" library="shopping">
<arg>${click_var}</arg>
<status status="PASS" starttime="20230831 11:40:41.847" endtime="20230831 11:40:41.873"/>
</kw>
<status status="PASS" starttime="20230831 11:40:41.847" endtime="20230831 11:40:41.874"/>
</kw>
<kw name="Then user should see error message &quot;Epic sadface: Username and password do not match any user in this service&quot;" library="shopping_keyword" sourcename="user should see error message &quot;${err_msg}&quot;">
<kw name="Verify Error Message" library="shopping">
<arg>${err_msg}</arg>
<status status="PASS" starttime="20230831 11:40:41.874" endtime="20230831 11:40:41.893"/>
</kw>
<status status="PASS" starttime="20230831 11:40:41.874" endtime="20230831 11:40:41.894"/>
</kw>
<status status="PASS" starttime="20230831 11:40:41.639" endtime="20230831 11:40:41.894"/>
</test>
<test id="s1-t2" name="User to verify successfull login">
<kw name="Given user is on login page" library="shopping_keyword">
<kw name="Verify Login Page" library="shopping">
<status status="PASS" starttime="20230831 11:40:41.894" endtime="20230831 11:40:41.896"/>
</kw>
<status status="PASS" starttime="20230831 11:40:41.894" endtime="20230831 11:40:41.896"/>
</kw>
<kw name="When user enters username valid" library="shopping_keyword" sourcename="user enters username ${user_name}">
<kw name="Enter User Name" library="shopping">
<arg>${user_name}</arg>
<doc>enter user name</doc>
<status status="PASS" starttime="20230831 11:40:41.897" endtime="20230831 11:40:42.000"/>
</kw>
<status status="PASS" starttime="20230831 11:40:41.896" endtime="20230831 11:40:42.000"/>
</kw>
<kw name="When user enters pwd valid" library="shopping_keyword">
<kw name="Enter Pwd" library="shopping">
<status status="PASS" starttime="20230831 11:40:42.000" endtime="20230831 11:40:42.024"/>
</kw>
<status status="PASS" starttime="20230831 11:40:42.000" endtime="20230831 11:40:42.025"/>
</kw>
<kw name="And user clicks on login-btn" library="shopping_keyword" sourcename="user clicks on ${click_var}">
<kw name="Click On" library="shopping">
<arg>${click_var}</arg>
<status status="PASS" starttime="20230831 11:40:42.025" endtime="20230831 11:40:42.058"/>
</kw>
<status status="PASS" starttime="20230831 11:40:42.025" endtime="20230831 11:40:42.058"/>
</kw>
<kw name="Then user should be successfully logged in" library="shopping_keyword">
<kw name="Verify Login" library="shopping">
<status status="PASS" starttime="20230831 11:40:42.058" endtime="20230831 11:40:42.080"/>
</kw>
<status status="PASS" starttime="20230831 11:40:42.058" endtime="20230831 11:40:42.080"/>
</kw>
<status status="PASS" starttime="20230831 11:40:41.894" endtime="20230831 11:40:42.080"/>
</test>
<status status="PASS" starttime="20230831 11:40:39.468" endtime="20230831 11:40:42.081"/>
</suite>
<statistics>
<total>
<stat pass="2" fail="0" skip="0">All Tests</stat>
</total>
<tag>
</tag>
<suite>
<stat pass="2" fail="0" skip="0" id="s1" name="Shppingsite">Shppingsite</stat>
</suite>
</statistics>
<errors>
</errors>
</robot>
