<?xml version="1.0" encoding="UTF-8"?>
<robot generator="Robot 4.1.2 (Python 3.10.0 on darwin)" generated="20230818 11:31:57.053" rpa="false" schemaversion="2">
<suite id="s1" name="Testcases" source="/Users/pavankumar/VSCODE/test_cases_robot/robot/testcases.robot">
<kw name="Open Browser &quot;https://www.amazon.in/&quot;" library="testcases_keyword" type="SETUP" sourcename="Open Browser &quot;${URL}&quot;">
<kw name="Open Browser" library="utils">
<arg>${URL}</arg>
<msg timestamp="20230818 11:31:57.133" level="INFO">====== WebDriver manager ======</msg>
<msg timestamp="20230818 11:31:57.239" level="INFO">Driver [/Users/pavankumar/.wdm/drivers/geckodriver/macos-aarch64/v0.33.0/geckodriver] found in cache</msg>
<status status="PASS" starttime="20230818 11:31:57.133" endtime="20230818 11:32:00.903"/>
</kw>
<status status="PASS" starttime="20230818 11:31:57.133" endtime="20230818 11:32:00.903"/>
</kw>
<test id="s1-t1" name="User to verify opening the amazon website and check it its on english">
<kw name="Given user is on Home page of amazon" library="testcases_keyword">
<kw name="User Is On Home Page Of Amazon" library="test_cases">
<doc>Verify that user is on home page of amazon</doc>
<status status="PASS" starttime="20230818 11:32:00.904" endtime="20230818 11:32:00.909"/>
</kw>
<status status="PASS" starttime="20230818 11:32:00.904" endtime="20230818 11:32:00.909"/>
</kw>
<kw name="Then verify the page is displayed in english" library="testcases_keyword">
<kw name="Verify The Page Is Displayed In English" library="test_cases">
<doc>verfy english language is displayed</doc>
<status status="PASS" starttime="20230818 11:32:00.909" endtime="20230818 11:32:00.921"/>
</kw>
<status status="PASS" starttime="20230818 11:32:00.909" endtime="20230818 11:32:00.921"/>
</kw>
<status status="PASS" starttime="20230818 11:32:00.903" endtime="20230818 11:32:00.921"/>
</test>
<kw name="Close Browser" library="testcases_keyword" type="TEARDOWN">
<kw name="Close Browser" library="utils">
<status status="PASS" starttime="20230818 11:32:00.921" endtime="20230818 11:32:01.437"/>
</kw>
<status status="PASS" starttime="20230818 11:32:00.921" endtime="20230818 11:32:01.437"/>
</kw>
<status status="PASS" starttime="20230818 11:31:57.054" endtime="20230818 11:32:01.437"/>
</suite>
<statistics>
<total>
<stat pass="1" fail="0" skip="0">All Tests</stat>
</total>
<tag>
</tag>
<suite>
<stat pass="1" fail="0" skip="0" id="s1" name="Testcases">Testcases</stat>
</suite>
</statistics>
<errors>
<msg timestamp="20230818 11:31:57.132" level="WARN">Imported library '/Users/pavankumar/VSCODE/test_cases_robot/robot/locators.py' contains no keywords.</msg>
<msg timestamp="20230818 11:31:57.132" level="ERROR">Error in file '/Users/pavankumar/VSCODE/test_cases_robot/robot/testcases_keyword.robot' on line 2: Invalid resource file extension '.py'. Supported extensions are '.resource', '.robot', '.txt', '.tsv', '.rst' and '.rest'.</msg>
</errors>
</robot>
